[2025-03-21 03:50:57] local.ERROR: SQLSTATE[42P01]: Undefined table: 7 ERREUR:  la relation « cache » n'existe pas
LINE 1: delete from "cache"
                    ^ (Connection: pgsql, SQL: delete from "cache") {"exception":"[object] (Illuminate\\Database\\QueryException(code: 42P01): SQLSTATE[42P01]: Undefined table: 7 ERREUR:  la relation « cache » n'existe pas
LINE 1: delete from \"cache\"
                    ^ (Connection: pgsql, SQL: delete from \"cache\") at C:\\laragon\\www\\isi-burger\\vendor\\laravel\\framework\\src\\Illuminate\\Database\\Connection.php:823)
[stacktrace]
#0 C:\\laragon\\www\\isi-burger\\vendor\\laravel\\framework\\src\\Illuminate\\Database\\Connection.php(777): Illuminate\\Database\\Connection->runQueryCallback()
#1 C:\\laragon\\www\\isi-burger\\vendor\\laravel\\framework\\src\\Illuminate\\Database\\Connection.php(582): Illuminate\\Database\\Connection->run()
#2 C:\\laragon\\www\\isi-burger\\vendor\\laravel\\framework\\src\\Illuminate\\Database\\Connection.php(546): Illuminate\\Database\\Connection->affectingStatement()
#3 C:\\laragon\\www\\isi-burger\\vendor\\laravel\\framework\\src\\Illuminate\\Database\\Query\\Builder.php(4025): Illuminate\\Database\\Connection->delete()
#4 C:\\laragon\\www\\isi-burger\\vendor\\laravel\\framework\\src\\Illuminate\\Cache\\DatabaseStore.php(422): Illuminate\\Database\\Query\\Builder->delete()
#5 C:\\laragon\\www\\isi-burger\\vendor\\laravel\\framework\\src\\Illuminate\\Cache\\Repository.php(794): Illuminate\\Cache\\DatabaseStore->flush()
#6 C:\\laragon\\www\\isi-burger\\vendor\\laravel\\framework\\src\\Illuminate\\Cache\\Console\\ClearCommand.php(69): Illuminate\\Cache\\Repository->__call()
#7 C:\\laragon\\www\\isi-burger\\vendor\\laravel\\framework\\src\\Illuminate\\Container\\BoundMethod.php(36): Illuminate\\Cache\\Console\\ClearCommand->handle()
#8 C:\\laragon\\www\\isi-burger\\vendor\\laravel\\framework\\src\\Illuminate\\Container\\Util.php(43): Illuminate\\Container\\BoundMethod::Illuminate\\Container\\{closure}()
#9 C:\\laragon\\www\\isi-burger\\vendor\\laravel\\framework\\src\\Illuminate\\Container\\BoundMethod.php(96): Illuminate\\Container\\Util::unwrapIfClosure()
#10 C:\\laragon\\www\\isi-burger\\vendor\\laravel\\framework\\src\\Illuminate\\Container\\BoundMethod.php(35): Illuminate\\Container\\BoundMethod::callBoundMethod()
#11 C:\\laragon\\www\\isi-burger\\vendor\\laravel\\framework\\src\\Illuminate\\Container\\Container.php(754): Illuminate\\Container\\BoundMethod::call()
#12 C:\\laragon\\www\\isi-burger\\vendor\\laravel\\framework\\src\\Illuminate\\Console\\Command.php(213): Illuminate\\Container\\Container->call()
#13 C:\\laragon\\www\\isi-burger\\vendor\\symfony\\console\\Command\\Command.php(279): Illuminate\\Console\\Command->execute()
#14 C:\\laragon\\www\\isi-burger\\vendor\\laravel\\framework\\src\\Illuminate\\Console\\Command.php(182): Symfony\\Component\\Console\\Command\\Command->run()
#15 C:\\laragon\\www\\isi-burger\\vendor\\symfony\\console\\Application.php(1094): Illuminate\\Console\\Command->run()
#16 C:\\laragon\\www\\isi-burger\\vendor\\symfony\\console\\Application.php(342): Symfony\\Component\\Console\\Application->doRunCommand()
#17 C:\\laragon\\www\\isi-burger\\vendor\\symfony\\console\\Application.php(193): Symfony\\Component\\Console\\Application->doRun()
#18 C:\\laragon\\www\\isi-burger\\vendor\\laravel\\framework\\src\\Illuminate\\Foundation\\Console\\Kernel.php(198): Symfony\\Component\\Console\\Application->run()
#19 C:\\laragon\\www\\isi-burger\\vendor\\laravel\\framework\\src\\Illuminate\\Foundation\\Application.php(1235): Illuminate\\Foundation\\Console\\Kernel->handle()
#20 C:\\laragon\\www\\isi-burger\\artisan(16): Illuminate\\Foundation\\Application->handleCommand()
#21 {main}

[previous exception] [object] (PDOException(code: 42P01): SQLSTATE[42P01]: Undefined table: 7 ERREUR:  la relation « cache » n'existe pas
LINE 1: delete from \"cache\"
                    ^ at C:\\laragon\\www\\isi-burger\\vendor\\laravel\\framework\\src\\Illuminate\\Database\\Connection.php:594)
[stacktrace]
#0 C:\\laragon\\www\\isi-burger\\vendor\\laravel\\framework\\src\\Illuminate\\Database\\Connection.php(594): PDOStatement->execute()
#1 C:\\laragon\\www\\isi-burger\\vendor\\laravel\\framework\\src\\Illuminate\\Database\\Connection.php(810): Illuminate\\Database\\Connection->Illuminate\\Database\\{closure}()
#2 C:\\laragon\\www\\isi-burger\\vendor\\laravel\\framework\\src\\Illuminate\\Database\\Connection.php(777): Illuminate\\Database\\Connection->runQueryCallback()
#3 C:\\laragon\\www\\isi-burger\\vendor\\laravel\\framework\\src\\Illuminate\\Database\\Connection.php(582): Illuminate\\Database\\Connection->run()
#4 C:\\laragon\\www\\isi-burger\\vendor\\laravel\\framework\\src\\Illuminate\\Database\\Connection.php(546): Illuminate\\Database\\Connection->affectingStatement()
#5 C:\\laragon\\www\\isi-burger\\vendor\\laravel\\framework\\src\\Illuminate\\Database\\Query\\Builder.php(4025): Illuminate\\Database\\Connection->delete()
#6 C:\\laragon\\www\\isi-burger\\vendor\\laravel\\framework\\src\\Illuminate\\Cache\\DatabaseStore.php(422): Illuminate\\Database\\Query\\Builder->delete()
#7 C:\\laragon\\www\\isi-burger\\vendor\\laravel\\framework\\src\\Illuminate\\Cache\\Repository.php(794): Illuminate\\Cache\\DatabaseStore->flush()
#8 C:\\laragon\\www\\isi-burger\\vendor\\laravel\\framework\\src\\Illuminate\\Cache\\Console\\ClearCommand.php(69): Illuminate\\Cache\\Repository->__call()
#9 C:\\laragon\\www\\isi-burger\\vendor\\laravel\\framework\\src\\Illuminate\\Container\\BoundMethod.php(36): Illuminate\\Cache\\Console\\ClearCommand->handle()
#10 C:\\laragon\\www\\isi-burger\\vendor\\laravel\\framework\\src\\Illuminate\\Container\\Util.php(43): Illuminate\\Container\\BoundMethod::Illuminate\\Container\\{closure}()
#11 C:\\laragon\\www\\isi-burger\\vendor\\laravel\\framework\\src\\Illuminate\\Container\\BoundMethod.php(96): Illuminate\\Container\\Util::unwrapIfClosure()
#12 C:\\laragon\\www\\isi-burger\\vendor\\laravel\\framework\\src\\Illuminate\\Container\\BoundMethod.php(35): Illuminate\\Container\\BoundMethod::callBoundMethod()
#13 C:\\laragon\\www\\isi-burger\\vendor\\laravel\\framework\\src\\Illuminate\\Container\\Container.php(754): Illuminate\\Container\\BoundMethod::call()
#14 C:\\laragon\\www\\isi-burger\\vendor\\laravel\\framework\\src\\Illuminate\\Console\\Command.php(213): Illuminate\\Container\\Container->call()
#15 C:\\laragon\\www\\isi-burger\\vendor\\symfony\\console\\Command\\Command.php(279): Illuminate\\Console\\Command->execute()
#16 C:\\laragon\\www\\isi-burger\\vendor\\laravel\\framework\\src\\Illuminate\\Console\\Command.php(182): Symfony\\Component\\Console\\Command\\Command->run()
#17 C:\\laragon\\www\\isi-burger\\vendor\\symfony\\console\\Application.php(1094): Illuminate\\Console\\Command->run()
#18 C:\\laragon\\www\\isi-burger\\vendor\\symfony\\console\\Application.php(342): Symfony\\Component\\Console\\Application->doRunCommand()
#19 C:\\laragon\\www\\isi-burger\\vendor\\symfony\\console\\Application.php(193): Symfony\\Component\\Console\\Application->doRun()
#20 C:\\laragon\\www\\isi-burger\\vendor\\laravel\\framework\\src\\Illuminate\\Foundation\\Console\\Kernel.php(198): Symfony\\Component\\Console\\Application->run()
#21 C:\\laragon\\www\\isi-burger\\vendor\\laravel\\framework\\src\\Illuminate\\Foundation\\Application.php(1235): Illuminate\\Foundation\\Console\\Kernel->handle()
#22 C:\\laragon\\www\\isi-burger\\artisan(16): Illuminate\\Foundation\\Application->handleCommand()
#23 {main}
"} 
[2025-03-21 03:52:54] local.ERROR: No arguments expected for "key:generate" command, got "php". {"exception":"[object] (Symfony\\Component\\Console\\Exception\\RuntimeException(code: 0): No arguments expected for \"key:generate\" command, got \"php\". at C:\\laragon\\www\\isi-burger\\vendor\\symfony\\console\\Input\\ArgvInput.php:199)
[stacktrace]
#0 C:\\laragon\\www\\isi-burger\\vendor\\symfony\\console\\Input\\ArgvInput.php(92): Symfony\\Component\\Console\\Input\\ArgvInput->parseArgument()
#1 C:\\laragon\\www\\isi-burger\\vendor\\symfony\\console\\Input\\ArgvInput.php(77): Symfony\\Component\\Console\\Input\\ArgvInput->parseToken()
#2 C:\\laragon\\www\\isi-burger\\vendor\\symfony\\console\\Input\\Input.php(53): Symfony\\Component\\Console\\Input\\ArgvInput->parse()
#3 C:\\laragon\\www\\isi-burger\\vendor\\symfony\\console\\Command\\Command.php(238): Symfony\\Component\\Console\\Input\\Input->bind()
#4 C:\\laragon\\www\\isi-burger\\vendor\\laravel\\framework\\src\\Illuminate\\Console\\Command.php(182): Symfony\\Component\\Console\\Command\\Command->run()
#5 C:\\laragon\\www\\isi-burger\\vendor\\symfony\\console\\Application.php(1094): Illuminate\\Console\\Command->run()
#6 C:\\laragon\\www\\isi-burger\\vendor\\symfony\\console\\Application.php(342): Symfony\\Component\\Console\\Application->doRunCommand()
#7 C:\\laragon\\www\\isi-burger\\vendor\\symfony\\console\\Application.php(193): Symfony\\Component\\Console\\Application->doRun()
#8 C:\\laragon\\www\\isi-burger\\vendor\\laravel\\framework\\src\\Illuminate\\Foundation\\Console\\Kernel.php(198): Symfony\\Component\\Console\\Application->run()
#9 C:\\laragon\\www\\isi-burger\\vendor\\laravel\\framework\\src\\Illuminate\\Foundation\\Application.php(1235): Illuminate\\Foundation\\Console\\Kernel->handle()
#10 C:\\laragon\\www\\isi-burger\\artisan(16): Illuminate\\Foundation\\Application->handleCommand()
#11 {main}
"} 
[2025-03-21 03:53:28] local.ERROR: Command "migrate:fresh --seed" is not defined.

Did you mean one of these?
    migrate
    migrate:fresh
    migrate:install
    migrate:refresh
    migrate:reset
    migrate:rollback
    migrate:status {"exception":"[object] (Symfony\\Component\\Console\\Exception\\CommandNotFoundException(code: 0): Command \"migrate:fresh --seed\" is not defined.

Did you mean one of these?
    migrate
    migrate:fresh
    migrate:install
    migrate:refresh
    migrate:reset
    migrate:rollback
    migrate:status at C:\\laragon\\www\\isi-burger\\vendor\\symfony\\console\\Application.php:726)
[stacktrace]
#0 C:\\laragon\\www\\isi-burger\\vendor\\symfony\\console\\Application.php(284): Symfony\\Component\\Console\\Application->find()
#1 C:\\laragon\\www\\isi-burger\\vendor\\symfony\\console\\Application.php(193): Symfony\\Component\\Console\\Application->doRun()
#2 C:\\laragon\\www\\isi-burger\\vendor\\laravel\\framework\\src\\Illuminate\\Foundation\\Console\\Kernel.php(198): Symfony\\Component\\Console\\Application->run()
#3 C:\\laragon\\www\\isi-burger\\vendor\\laravel\\framework\\src\\Illuminate\\Foundation\\Application.php(1235): Illuminate\\Foundation\\Console\\Kernel->handle()
#4 C:\\laragon\\www\\isi-burger\\artisan(16): Illuminate\\Foundation\\Application->handleCommand()
#5 {main}
"} 
[2025-03-21 03:54:05] local.ERROR: Command "migrate:fresh --seed" is not defined.

Did you mean one of these?
    migrate
    migrate:fresh
    migrate:install
    migrate:refresh
    migrate:reset
    migrate:rollback
    migrate:status {"exception":"[object] (Symfony\\Component\\Console\\Exception\\CommandNotFoundException(code: 0): Command \"migrate:fresh --seed\" is not defined.

Did you mean one of these?
    migrate
    migrate:fresh
    migrate:install
    migrate:refresh
    migrate:reset
    migrate:rollback
    migrate:status at C:\\laragon\\www\\isi-burger\\vendor\\symfony\\console\\Application.php:726)
[stacktrace]
#0 C:\\laragon\\www\\isi-burger\\vendor\\symfony\\console\\Application.php(284): Symfony\\Component\\Console\\Application->find()
#1 C:\\laragon\\www\\isi-burger\\vendor\\symfony\\console\\Application.php(193): Symfony\\Component\\Console\\Application->doRun()
#2 C:\\laragon\\www\\isi-burger\\vendor\\laravel\\framework\\src\\Illuminate\\Foundation\\Console\\Kernel.php(198): Symfony\\Component\\Console\\Application->run()
#3 C:\\laragon\\www\\isi-burger\\vendor\\laravel\\framework\\src\\Illuminate\\Foundation\\Application.php(1235): Illuminate\\Foundation\\Console\\Kernel->handle()
#4 C:\\laragon\\www\\isi-burger\\artisan(16): Illuminate\\Foundation\\Application->handleCommand()
#5 {main}
"} 
[2025-03-21 03:54:23] local.ERROR: Command "migrate:fresh " is not defined.

Did you mean one of these?
    migrate
    migrate:fresh
    migrate:install
    migrate:refresh
    migrate:reset
    migrate:rollback
    migrate:status {"exception":"[object] (Symfony\\Component\\Console\\Exception\\CommandNotFoundException(code: 0): Command \"migrate:fresh \" is not defined.

Did you mean one of these?
    migrate
    migrate:fresh
    migrate:install
    migrate:refresh
    migrate:reset
    migrate:rollback
    migrate:status at C:\\laragon\\www\\isi-burger\\vendor\\symfony\\console\\Application.php:726)
[stacktrace]
#0 C:\\laragon\\www\\isi-burger\\vendor\\symfony\\console\\Application.php(284): Symfony\\Component\\Console\\Application->find()
#1 C:\\laragon\\www\\isi-burger\\vendor\\symfony\\console\\Application.php(193): Symfony\\Component\\Console\\Application->doRun()
#2 C:\\laragon\\www\\isi-burger\\vendor\\laravel\\framework\\src\\Illuminate\\Foundation\\Console\\Kernel.php(198): Symfony\\Component\\Console\\Application->run()
#3 C:\\laragon\\www\\isi-burger\\vendor\\laravel\\framework\\src\\Illuminate\\Foundation\\Application.php(1235): Illuminate\\Foundation\\Console\\Kernel->handle()
#4 C:\\laragon\\www\\isi-burger\\artisan(16): Illuminate\\Foundation\\Application->handleCommand()
#5 {main}
"} 
[2025-03-21 04:02:43] local.ERROR: The "--AdminUserSeeder" option does not exist. {"exception":"[object] (Symfony\\Component\\Console\\Exception\\RuntimeException(code: 0): The \"--AdminUserSeeder\" option does not exist. at C:\\laragon\\www\\isi-burger\\vendor\\symfony\\console\\Input\\ArgvInput.php:226)
[stacktrace]
#0 C:\\laragon\\www\\isi-burger\\vendor\\symfony\\console\\Input\\ArgvInput.php(155): Symfony\\Component\\Console\\Input\\ArgvInput->addLongOption()
#1 C:\\laragon\\www\\isi-burger\\vendor\\symfony\\console\\Input\\ArgvInput.php(88): Symfony\\Component\\Console\\Input\\ArgvInput->parseLongOption()
#2 C:\\laragon\\www\\isi-burger\\vendor\\symfony\\console\\Input\\ArgvInput.php(77): Symfony\\Component\\Console\\Input\\ArgvInput->parseToken()
#3 C:\\laragon\\www\\isi-burger\\vendor\\symfony\\console\\Input\\Input.php(53): Symfony\\Component\\Console\\Input\\ArgvInput->parse()
#4 C:\\laragon\\www\\isi-burger\\vendor\\symfony\\console\\Command\\Command.php(238): Symfony\\Component\\Console\\Input\\Input->bind()
#5 C:\\laragon\\www\\isi-burger\\vendor\\laravel\\framework\\src\\Illuminate\\Console\\Command.php(182): Symfony\\Component\\Console\\Command\\Command->run()
#6 C:\\laragon\\www\\isi-burger\\vendor\\symfony\\console\\Application.php(1094): Illuminate\\Console\\Command->run()
#7 C:\\laragon\\www\\isi-burger\\vendor\\symfony\\console\\Application.php(342): Symfony\\Component\\Console\\Application->doRunCommand()
#8 C:\\laragon\\www\\isi-burger\\vendor\\symfony\\console\\Application.php(193): Symfony\\Component\\Console\\Application->doRun()
#9 C:\\laragon\\www\\isi-burger\\vendor\\laravel\\framework\\src\\Illuminate\\Foundation\\Console\\Kernel.php(198): Symfony\\Component\\Console\\Application->run()
#10 C:\\laragon\\www\\isi-burger\\vendor\\laravel\\framework\\src\\Illuminate\\Foundation\\Application.php(1235): Illuminate\\Foundation\\Console\\Kernel->handle()
#11 C:\\laragon\\www\\isi-burger\\artisan(16): Illuminate\\Foundation\\Application->handleCommand()
#12 {main}
"} 
[2025-03-21 12:23:59] local.ERROR: Illegal operator and value combination. {"userId":3,"exception":"[object] (InvalidArgumentException(code: 0): Illegal operator and value combination. at C:\\laragon\\www\\isi-burger\\vendor\\laravel\\framework\\src\\Illuminate\\Database\\Query\\Builder.php:945)
[stacktrace]
#0 C:\\laragon\\www\\isi-burger\\vendor\\laravel\\framework\\src\\Illuminate\\Database\\Query\\Builder.php(832): Illuminate\\Database\\Query\\Builder->prepareValueAndOperator()
#1 C:\\laragon\\www\\isi-burger\\vendor\\laravel\\framework\\src\\Illuminate\\Database\\Eloquent\\Builder.php(331): Illuminate\\Database\\Query\\Builder->where()
#2 C:\\laragon\\www\\isi-burger\\app\\Http\\Controllers\\BurgerController.php(20): Illuminate\\Database\\Eloquent\\Builder->where()
#3 C:\\laragon\\www\\isi-burger\\vendor\\laravel\\framework\\src\\Illuminate\\Routing\\Controller.php(54): App\\Http\\Controllers\\BurgerController->index()
#4 C:\\laragon\\www\\isi-burger\\vendor\\laravel\\framework\\src\\Illuminate\\Routing\\ControllerDispatcher.php(44): Illuminate\\Routing\\Controller->callAction()
#5 C:\\laragon\\www\\isi-burger\\vendor\\laravel\\framework\\src\\Illuminate\\Routing\\Route.php(266): Illuminate\\Routing\\ControllerDispatcher->dispatch()
#6 C:\\laragon\\www\\isi-burger\\vendor\\laravel\\framework\\src\\Illuminate\\Routing\\Route.php(212): Illuminate\\Routing\\Route->runController()
#7 C:\\laragon\\www\\isi-burger\\vendor\\laravel\\framework\\src\\Illuminate\\Routing\\Router.php(809): Illuminate\\Routing\\Route->run()
#8 C:\\laragon\\www\\isi-burger\\vendor\\laravel\\framework\\src\\Illuminate\\Pipeline\\Pipeline.php(170): Illuminate\\Routing\\Router->Illuminate\\Routing\\{closure}()
#9 C:\\laragon\\www\\isi-burger\\app\\Http\\Middleware\\RoleMiddleware.php(27): Illuminate\\Pipeline\\Pipeline->Illuminate\\Pipeline\\{closure}()
#10 C:\\laragon\\www\\isi-burger\\vendor\\laravel\\framework\\src\\Illuminate\\Pipeline\\Pipeline.php(209): App\\Http\\Middleware\\RoleMiddleware->handle()
#11 C:\\laragon\\www\\isi-burger\\vendor\\laravel\\framework\\src\\Illuminate\\Routing\\Middleware\\SubstituteBindings.php(51): Illuminate\\Pipeline\\Pipeline->Illuminate\\Pipeline\\{closure}()
#12 C:\\laragon\\www\\isi-burger\\vendor\\laravel\\framework\\src\\Illuminate\\Pipeline\\Pipeline.php(209): Illuminate\\Routing\\Middleware\\SubstituteBindings->handle()
#13 C:\\laragon\\www\\isi-burger\\vendor\\laravel\\framework\\src\\Illuminate\\Auth\\Middleware\\Authenticate.php(64): Illuminate\\Pipeline\\Pipeline->Illuminate\\Pipeline\\{closure}()
#14 C:\\laragon\\www\\isi-burger\\vendor\\laravel\\framework\\src\\Illuminate\\Pipeline\\Pipeline.php(209): Illuminate\\Auth\\Middleware\\Authenticate->handle()
#15 C:\\laragon\\www\\isi-burger\\vendor\\laravel\\framework\\src\\Illuminate\\Foundation\\Http\\Middleware\\VerifyCsrfToken.php(88): Illuminate\\Pipeline\\Pipeline->Illuminate\\Pipeline\\{closure}()
#16 C:\\laragon\\www\\isi-burger\\vendor\\laravel\\framework\\src\\Illuminate\\Pipeline\\Pipeline.php(209): Illuminate\\Foundation\\Http\\Middleware\\VerifyCsrfToken->handle()
#17 C:\\laragon\\www\\isi-burger\\vendor\\laravel\\framework\\src\\Illuminate\\View\\Middleware\\ShareErrorsFromSession.php(49): Illuminate\\Pipeline\\Pipeline->Illuminate\\Pipeline\\{closure}()
#18 C:\\laragon\\www\\isi-burger\\vendor\\laravel\\framework\\src\\Illuminate\\Pipeline\\Pipeline.php(209): Illuminate\\View\\Middleware\\ShareErrorsFromSession->handle()
#19 C:\\laragon\\www\\isi-burger\\vendor\\laravel\\framework\\src\\Illuminate\\Session\\Middleware\\StartSession.php(121): Illuminate\\Pipeline\\Pipeline->Illuminate\\Pipeline\\{closure}()
#20 C:\\laragon\\www\\isi-burger\\vendor\\laravel\\framework\\src\\Illuminate\\Session\\Middleware\\StartSession.php(64): Illuminate\\Session\\Middleware\\StartSession->handleStatefulRequest()
#21 C:\\laragon\\www\\isi-burger\\vendor\\laravel\\framework\\src\\Illuminate\\Pipeline\\Pipeline.php(209): Illuminate\\Session\\Middleware\\StartSession->handle()
#22 C:\\laragon\\www\\isi-burger\\vendor\\laravel\\framework\\src\\Illuminate\\Cookie\\Middleware\\AddQueuedCookiesToResponse.php(37): Illuminate\\Pipeline\\Pipeline->Illuminate\\Pipeline\\{closure}()
#23 C:\\laragon\\www\\isi-burger\\vendor\\laravel\\framework\\src\\Illuminate\\Pipeline\\Pipeline.php(209): Illuminate\\Cookie\\Middleware\\AddQueuedCookiesToResponse->handle()
#24 C:\\laragon\\www\\isi-burger\\vendor\\laravel\\framework\\src\\Illuminate\\Cookie\\Middleware\\EncryptCookies.php(75): Illuminate\\Pipeline\\Pipeline->Illuminate\\Pipeline\\{closure}()
#25 C:\\laragon\\www\\isi-burger\\vendor\\laravel\\framework\\src\\Illuminate\\Pipeline\\Pipeline.php(209): Illuminate\\Cookie\\Middleware\\EncryptCookies->handle()
#26 C:\\laragon\\www\\isi-burger\\vendor\\laravel\\framework\\src\\Illuminate\\Pipeline\\Pipeline.php(127): Illuminate\\Pipeline\\Pipeline->Illuminate\\Pipeline\\{closure}()
#27 C:\\laragon\\www\\isi-burger\\vendor\\laravel\\framework\\src\\Illuminate\\Routing\\Router.php(808): Illuminate\\Pipeline\\Pipeline->then()
#28 C:\\laragon\\www\\isi-burger\\vendor\\laravel\\framework\\src\\Illuminate\\Routing\\Router.php(787): Illuminate\\Routing\\Router->runRouteWithinStack()
#29 C:\\laragon\\www\\isi-burger\\vendor\\laravel\\framework\\src\\Illuminate\\Routing\\Router.php(751): Illuminate\\Routing\\Router->runRoute()
#30 C:\\laragon\\www\\isi-burger\\vendor\\laravel\\framework\\src\\Illuminate\\Routing\\Router.php(740): Illuminate\\Routing\\Router->dispatchToRoute()
#31 C:\\laragon\\www\\isi-burger\\vendor\\laravel\\framework\\src\\Illuminate\\Foundation\\Http\\Kernel.php(201): Illuminate\\Routing\\Router->dispatch()
#32 C:\\laragon\\www\\isi-burger\\vendor\\laravel\\framework\\src\\Illuminate\\Pipeline\\Pipeline.php(170): Illuminate\\Foundation\\Http\\Kernel->Illuminate\\Foundation\\Http\\{closure}()
#33 C:\\laragon\\www\\isi-burger\\vendor\\laravel\\framework\\src\\Illuminate\\Foundation\\Http\\Middleware\\TransformsRequest.php(21): Illuminate\\Pipeline\\Pipeline->Illuminate\\Pipeline\\{closure}()
#34 C:\\laragon\\www\\isi-burger\\vendor\\laravel\\framework\\src\\Illuminate\\Foundation\\Http\\Middleware\\ConvertEmptyStringsToNull.php(31): Illuminate\\Foundation\\Http\\Middleware\\TransformsRequest->handle()
#35 C:\\laragon\\www\\isi-burger\\vendor\\laravel\\framework\\src\\Illuminate\\Pipeline\\Pipeline.php(209): Illuminate\\Foundation\\Http\\Middleware\\ConvertEmptyStringsToNull->handle()
#36 C:\\laragon\\www\\isi-burger\\vendor\\laravel\\framework\\src\\Illuminate\\Foundation\\Http\\Middleware\\TransformsRequest.php(21): Illuminate\\Pipeline\\Pipeline->Illuminate\\Pipeline\\{closure}()
#37 C:\\laragon\\www\\isi-burger\\vendor\\laravel\\framework\\src\\Illuminate\\Foundation\\Http\\Middleware\\TrimStrings.php(51): Illuminate\\Foundation\\Http\\Middleware\\TransformsRequest->handle()
#38 C:\\laragon\\www\\isi-burger\\vendor\\laravel\\framework\\src\\Illuminate\\Pipeline\\Pipeline.php(209): Illuminate\\Foundation\\Http\\Middleware\\TrimStrings->handle()
#39 C:\\laragon\\www\\isi-burger\\vendor\\laravel\\framework\\src\\Illuminate\\Http\\Middleware\\ValidatePostSize.php(27): Illuminate\\Pipeline\\Pipeline->Illuminate\\Pipeline\\{closure}()
#40 C:\\laragon\\www\\isi-burger\\vendor\\laravel\\framework\\src\\Illuminate\\Pipeline\\Pipeline.php(209): Illuminate\\Http\\Middleware\\ValidatePostSize->handle()
#41 C:\\laragon\\www\\isi-burger\\vendor\\laravel\\framework\\src\\Illuminate\\Foundation\\Http\\Middleware\\PreventRequestsDuringMaintenance.php(110): Illuminate\\Pipeline\\Pipeline->Illuminate\\Pipeline\\{closure}()
#42 C:\\laragon\\www\\isi-burger\\vendor\\laravel\\framework\\src\\Illuminate\\Pipeline\\Pipeline.php(209): Illuminate\\Foundation\\Http\\Middleware\\PreventRequestsDuringMaintenance->handle()
#43 C:\\laragon\\www\\isi-burger\\vendor\\laravel\\framework\\src\\Illuminate\\Http\\Middleware\\HandleCors.php(49): Illuminate\\Pipeline\\Pipeline->Illuminate\\Pipeline\\{closure}()
#44 C:\\laragon\\www\\isi-burger\\vendor\\laravel\\framework\\src\\Illuminate\\Pipeline\\Pipeline.php(209): Illuminate\\Http\\Middleware\\HandleCors->handle()
#45 C:\\laragon\\www\\isi-burger\\vendor\\laravel\\framework\\src\\Illuminate\\Http\\Middleware\\TrustProxies.php(58): Illuminate\\Pipeline\\Pipeline->Illuminate\\Pipeline\\{closure}()
#46 C:\\laragon\\www\\isi-burger\\vendor\\laravel\\framework\\src\\Illuminate\\Pipeline\\Pipeline.php(209): Illuminate\\Http\\Middleware\\TrustProxies->handle()
#47 C:\\laragon\\www\\isi-burger\\vendor\\laravel\\framework\\src\\Illuminate\\Foundation\\Http\\Middleware\\InvokeDeferredCallbacks.php(22): Illuminate\\Pipeline\\Pipeline->Illuminate\\Pipeline\\{closure}()
#48 C:\\laragon\\www\\isi-burger\\vendor\\laravel\\framework\\src\\Illuminate\\Pipeline\\Pipeline.php(209): Illuminate\\Foundation\\Http\\Middleware\\InvokeDeferredCallbacks->handle()
#49 C:\\laragon\\www\\isi-burger\\vendor\\laravel\\framework\\src\\Illuminate\\Http\\Middleware\\ValidatePathEncoding.php(26): Illuminate\\Pipeline\\Pipeline->Illuminate\\Pipeline\\{closure}()
#50 C:\\laragon\\www\\isi-burger\\vendor\\laravel\\framework\\src\\Illuminate\\Pipeline\\Pipeline.php(209): Illuminate\\Http\\Middleware\\ValidatePathEncoding->handle()
#51 C:\\laragon\\www\\isi-burger\\vendor\\laravel\\framework\\src\\Illuminate\\Pipeline\\Pipeline.php(127): Illuminate\\Pipeline\\Pipeline->Illuminate\\Pipeline\\{closure}()
#52 C:\\laragon\\www\\isi-burger\\vendor\\laravel\\framework\\src\\Illuminate\\Foundation\\Http\\Kernel.php(176): Illuminate\\Pipeline\\Pipeline->then()
#53 C:\\laragon\\www\\isi-burger\\vendor\\laravel\\framework\\src\\Illuminate\\Foundation\\Http\\Kernel.php(145): Illuminate\\Foundation\\Http\\Kernel->sendRequestThroughRouter()
#54 C:\\laragon\\www\\isi-burger\\vendor\\laravel\\framework\\src\\Illuminate\\Foundation\\Application.php(1220): Illuminate\\Foundation\\Http\\Kernel->handle()
#55 C:\\laragon\\www\\isi-burger\\public\\index.php(20): Illuminate\\Foundation\\Application->handleRequest()
#56 C:\\laragon\\www\\isi-burger\\vendor\\laravel\\framework\\src\\Illuminate\\Foundation\\resources\\server.php(23): require_once('...')
#57 {main}
"} 
[2025-03-21 13:07:03] local.ERROR: Erreur lors de l'envoi de la facture pour la commande #1: Undefined array key "94225fff68db22990931f9716e1b758b'40' height='40' viewBox='0 0 40 40' xmlns='http://www.w3.org/2000/svg'%3E%3Cg fill='%23ff6b6b' fill-opacity='0.03' fill-rule='evenodd'%3E%3Cpath d='M20 0a20 20 0 1 0 0 40 20 20 0 0 0 0-40zm0 30a10 10 0 1 1 0-20 10 10 0 0 1 0 20z'/%3E%3C/g%3E%3C/svg%3E"  
[2025-03-21 13:07:15] local.ERROR: Undefined array key "94225fff68db22990931f9716e1b758b'40' height='40' viewBox='0 0 40 40' xmlns='http://www.w3.org/2000/svg'%3E%3Cg fill='%23ff6b6b' fill-opacity='0.03' fill-rule='evenodd'%3E%3Cpath d='M20 0a20 20 0 1 0 0 40 20 20 0 0 0 0-40zm0 30a10 10 0 1 1 0-20 10 10 0 0 1 0 20z'/%3E%3C/g%3E%3C/svg%3E" {"userId":3,"exception":"[object] (ErrorException(code: 0): Undefined array key \"94225fff68db22990931f9716e1b758b'40' height='40' viewBox='0 0 40 40' xmlns='http://www.w3.org/2000/svg'%3E%3Cg fill='%23ff6b6b' fill-opacity='0.03' fill-rule='evenodd'%3E%3Cpath d='M20 0a20 20 0 1 0 0 40 20 20 0 0 0 0-40zm0 30a10 10 0 1 1 0-20 10 10 0 0 1 0 20z'/%3E%3C/g%3E%3C/svg%3E\" at C:\\laragon\\www\\isi-burger\\vendor\\dompdf\\dompdf\\src\\Css\\Stylesheet.php:1473)
[stacktrace]
#0 C:\\laragon\\www\\isi-burger\\vendor\\laravel\\framework\\src\\Illuminate\\Foundation\\Bootstrap\\HandleExceptions.php(256): Illuminate\\Foundation\\Bootstrap\\HandleExceptions->handleError()
#1 C:\\laragon\\www\\isi-burger\\vendor\\dompdf\\dompdf\\src\\Css\\Stylesheet.php(1473): Illuminate\\Foundation\\Bootstrap\\HandleExceptions->Illuminate\\Foundation\\Bootstrap\\{closure}()
#2 C:\\laragon\\www\\isi-burger\\vendor\\dompdf\\dompdf\\src\\Css\\Style.php(2212): Dompdf\\Css\\Stylesheet->resolve_url()
#3 C:\\laragon\\www\\isi-burger\\vendor\\dompdf\\dompdf\\src\\Css\\Style.php(1904): Dompdf\\Css\\Style->_get_background_image()
#4 C:\\laragon\\www\\isi-burger\\vendor\\dompdf\\dompdf\\src\\Renderer\\AbstractRenderer.php(68): Dompdf\\Css\\Style->__get()
#5 C:\\laragon\\www\\isi-burger\\vendor\\dompdf\\dompdf\\src\\Renderer\\Block.php(41): Dompdf\\Renderer\\AbstractRenderer->_render_background()
#6 C:\\laragon\\www\\isi-burger\\vendor\\dompdf\\dompdf\\src\\Renderer.php(305): Dompdf\\Renderer\\Block->render()
#7 C:\\laragon\\www\\isi-burger\\vendor\\dompdf\\dompdf\\src\\Renderer.php(110): Dompdf\\Renderer->_render_frame()
#8 C:\\laragon\\www\\isi-burger\\vendor\\dompdf\\dompdf\\src\\Renderer.php(207): Dompdf\\Renderer->render()
#9 C:\\laragon\\www\\isi-burger\\vendor\\dompdf\\dompdf\\src\\FrameReflower\\Page.php(149): Dompdf\\Renderer->render()
#10 C:\\laragon\\www\\isi-burger\\vendor\\dompdf\\dompdf\\src\\FrameDecorator\\AbstractFrameDecorator.php(905): Dompdf\\FrameReflower\\Page->reflow()
#11 C:\\laragon\\www\\isi-burger\\vendor\\dompdf\\dompdf\\src\\Dompdf.php(808): Dompdf\\FrameDecorator\\AbstractFrameDecorator->reflow()
#12 C:\\laragon\\www\\isi-burger\\vendor\\barryvdh\\laravel-dompdf\\src\\PDF.php(244): Dompdf\\Dompdf->render()
#13 C:\\laragon\\www\\isi-burger\\vendor\\barryvdh\\laravel-dompdf\\src\\PDF.php(188): Barryvdh\\DomPDF\\PDF->render()
#14 C:\\laragon\\www\\isi-burger\\vendor\\barryvdh\\laravel-dompdf\\src\\PDF.php(214): Barryvdh\\DomPDF\\PDF->output()
#15 C:\\laragon\\www\\isi-burger\\app\\Http\\Controllers\\OrderController.php(151): Barryvdh\\DomPDF\\PDF->download()
#16 C:\\laragon\\www\\isi-burger\\vendor\\laravel\\framework\\src\\Illuminate\\Routing\\Controller.php(54): App\\Http\\Controllers\\OrderController->generateInvoice()
#17 C:\\laragon\\www\\isi-burger\\vendor\\laravel\\framework\\src\\Illuminate\\Routing\\ControllerDispatcher.php(44): Illuminate\\Routing\\Controller->callAction()
#18 C:\\laragon\\www\\isi-burger\\vendor\\laravel\\framework\\src\\Illuminate\\Routing\\Route.php(266): Illuminate\\Routing\\ControllerDispatcher->dispatch()
#19 C:\\laragon\\www\\isi-burger\\vendor\\laravel\\framework\\src\\Illuminate\\Routing\\Route.php(212): Illuminate\\Routing\\Route->runController()
#20 C:\\laragon\\www\\isi-burger\\vendor\\laravel\\framework\\src\\Illuminate\\Routing\\Router.php(809): Illuminate\\Routing\\Route->run()
#21 C:\\laragon\\www\\isi-burger\\vendor\\laravel\\framework\\src\\Illuminate\\Pipeline\\Pipeline.php(170): Illuminate\\Routing\\Router->Illuminate\\Routing\\{closure}()
#22 C:\\laragon\\www\\isi-burger\\vendor\\laravel\\framework\\src\\Illuminate\\Routing\\Middleware\\SubstituteBindings.php(51): Illuminate\\Pipeline\\Pipeline->Illuminate\\Pipeline\\{closure}()
#23 C:\\laragon\\www\\isi-burger\\vendor\\laravel\\framework\\src\\Illuminate\\Pipeline\\Pipeline.php(209): Illuminate\\Routing\\Middleware\\SubstituteBindings->handle()
#24 C:\\laragon\\www\\isi-burger\\vendor\\laravel\\framework\\src\\Illuminate\\Auth\\Middleware\\Authenticate.php(64): Illuminate\\Pipeline\\Pipeline->Illuminate\\Pipeline\\{closure}()
#25 C:\\laragon\\www\\isi-burger\\vendor\\laravel\\framework\\src\\Illuminate\\Pipeline\\Pipeline.php(209): Illuminate\\Auth\\Middleware\\Authenticate->handle()
#26 C:\\laragon\\www\\isi-burger\\vendor\\laravel\\framework\\src\\Illuminate\\Foundation\\Http\\Middleware\\VerifyCsrfToken.php(88): Illuminate\\Pipeline\\Pipeline->Illuminate\\Pipeline\\{closure}()
#27 C:\\laragon\\www\\isi-burger\\vendor\\laravel\\framework\\src\\Illuminate\\Pipeline\\Pipeline.php(209): Illuminate\\Foundation\\Http\\Middleware\\VerifyCsrfToken->handle()
#28 C:\\laragon\\www\\isi-burger\\vendor\\laravel\\framework\\src\\Illuminate\\View\\Middleware\\ShareErrorsFromSession.php(49): Illuminate\\Pipeline\\Pipeline->Illuminate\\Pipeline\\{closure}()
#29 C:\\laragon\\www\\isi-burger\\vendor\\laravel\\framework\\src\\Illuminate\\Pipeline\\Pipeline.php(209): Illuminate\\View\\Middleware\\ShareErrorsFromSession->handle()
#30 C:\\laragon\\www\\isi-burger\\vendor\\laravel\\framework\\src\\Illuminate\\Session\\Middleware\\StartSession.php(121): Illuminate\\Pipeline\\Pipeline->Illuminate\\Pipeline\\{closure}()
#31 C:\\laragon\\www\\isi-burger\\vendor\\laravel\\framework\\src\\Illuminate\\Session\\Middleware\\StartSession.php(64): Illuminate\\Session\\Middleware\\StartSession->handleStatefulRequest()
#32 C:\\laragon\\www\\isi-burger\\vendor\\laravel\\framework\\src\\Illuminate\\Pipeline\\Pipeline.php(209): Illuminate\\Session\\Middleware\\StartSession->handle()
#33 C:\\laragon\\www\\isi-burger\\vendor\\laravel\\framework\\src\\Illuminate\\Cookie\\Middleware\\AddQueuedCookiesToResponse.php(37): Illuminate\\Pipeline\\Pipeline->Illuminate\\Pipeline\\{closure}()
#34 C:\\laragon\\www\\isi-burger\\vendor\\laravel\\framework\\src\\Illuminate\\Pipeline\\Pipeline.php(209): Illuminate\\Cookie\\Middleware\\AddQueuedCookiesToResponse->handle()
#35 C:\\laragon\\www\\isi-burger\\vendor\\laravel\\framework\\src\\Illuminate\\Cookie\\Middleware\\EncryptCookies.php(75): Illuminate\\Pipeline\\Pipeline->Illuminate\\Pipeline\\{closure}()
#36 C:\\laragon\\www\\isi-burger\\vendor\\laravel\\framework\\src\\Illuminate\\Pipeline\\Pipeline.php(209): Illuminate\\Cookie\\Middleware\\EncryptCookies->handle()
#37 C:\\laragon\\www\\isi-burger\\vendor\\laravel\\framework\\src\\Illuminate\\Pipeline\\Pipeline.php(127): Illuminate\\Pipeline\\Pipeline->Illuminate\\Pipeline\\{closure}()
#38 C:\\laragon\\www\\isi-burger\\vendor\\laravel\\framework\\src\\Illuminate\\Routing\\Router.php(808): Illuminate\\Pipeline\\Pipeline->then()
#39 C:\\laragon\\www\\isi-burger\\vendor\\laravel\\framework\\src\\Illuminate\\Routing\\Router.php(787): Illuminate\\Routing\\Router->runRouteWithinStack()
#40 C:\\laragon\\www\\isi-burger\\vendor\\laravel\\framework\\src\\Illuminate\\Routing\\Router.php(751): Illuminate\\Routing\\Router->runRoute()
#41 C:\\laragon\\www\\isi-burger\\vendor\\laravel\\framework\\src\\Illuminate\\Routing\\Router.php(740): Illuminate\\Routing\\Router->dispatchToRoute()
#42 C:\\laragon\\www\\isi-burger\\vendor\\laravel\\framework\\src\\Illuminate\\Foundation\\Http\\Kernel.php(201): Illuminate\\Routing\\Router->dispatch()
#43 C:\\laragon\\www\\isi-burger\\vendor\\laravel\\framework\\src\\Illuminate\\Pipeline\\Pipeline.php(170): Illuminate\\Foundation\\Http\\Kernel->Illuminate\\Foundation\\Http\\{closure}()
#44 C:\\laragon\\www\\isi-burger\\vendor\\laravel\\framework\\src\\Illuminate\\Foundation\\Http\\Middleware\\TransformsRequest.php(21): Illuminate\\Pipeline\\Pipeline->Illuminate\\Pipeline\\{closure}()
#45 C:\\laragon\\www\\isi-burger\\vendor\\laravel\\framework\\src\\Illuminate\\Foundation\\Http\\Middleware\\ConvertEmptyStringsToNull.php(31): Illuminate\\Foundation\\Http\\Middleware\\TransformsRequest->handle()
#46 C:\\laragon\\www\\isi-burger\\vendor\\laravel\\framework\\src\\Illuminate\\Pipeline\\Pipeline.php(209): Illuminate\\Foundation\\Http\\Middleware\\ConvertEmptyStringsToNull->handle()
#47 C:\\laragon\\www\\isi-burger\\vendor\\laravel\\framework\\src\\Illuminate\\Foundation\\Http\\Middleware\\TransformsRequest.php(21): Illuminate\\Pipeline\\Pipeline->Illuminate\\Pipeline\\{closure}()
#48 C:\\laragon\\www\\isi-burger\\vendor\\laravel\\framework\\src\\Illuminate\\Foundation\\Http\\Middleware\\TrimStrings.php(51): Illuminate\\Foundation\\Http\\Middleware\\TransformsRequest->handle()
#49 C:\\laragon\\www\\isi-burger\\vendor\\laravel\\framework\\src\\Illuminate\\Pipeline\\Pipeline.php(209): Illuminate\\Foundation\\Http\\Middleware\\TrimStrings->handle()
#50 C:\\laragon\\www\\isi-burger\\vendor\\laravel\\framework\\src\\Illuminate\\Http\\Middleware\\ValidatePostSize.php(27): Illuminate\\Pipeline\\Pipeline->Illuminate\\Pipeline\\{closure}()
#51 C:\\laragon\\www\\isi-burger\\vendor\\laravel\\framework\\src\\Illuminate\\Pipeline\\Pipeline.php(209): Illuminate\\Http\\Middleware\\ValidatePostSize->handle()
#52 C:\\laragon\\www\\isi-burger\\vendor\\laravel\\framework\\src\\Illuminate\\Foundation\\Http\\Middleware\\PreventRequestsDuringMaintenance.php(110): Illuminate\\Pipeline\\Pipeline->Illuminate\\Pipeline\\{closure}()
#53 C:\\laragon\\www\\isi-burger\\vendor\\laravel\\framework\\src\\Illuminate\\Pipeline\\Pipeline.php(209): Illuminate\\Foundation\\Http\\Middleware\\PreventRequestsDuringMaintenance->handle()
#54 C:\\laragon\\www\\isi-burger\\vendor\\laravel\\framework\\src\\Illuminate\\Http\\Middleware\\HandleCors.php(49): Illuminate\\Pipeline\\Pipeline->Illuminate\\Pipeline\\{closure}()
#55 C:\\laragon\\www\\isi-burger\\vendor\\laravel\\framework\\src\\Illuminate\\Pipeline\\Pipeline.php(209): Illuminate\\Http\\Middleware\\HandleCors->handle()
#56 C:\\laragon\\www\\isi-burger\\vendor\\laravel\\framework\\src\\Illuminate\\Http\\Middleware\\TrustProxies.php(58): Illuminate\\Pipeline\\Pipeline->Illuminate\\Pipeline\\{closure}()
#57 C:\\laragon\\www\\isi-burger\\vendor\\laravel\\framework\\src\\Illuminate\\Pipeline\\Pipeline.php(209): Illuminate\\Http\\Middleware\\TrustProxies->handle()
#58 C:\\laragon\\www\\isi-burger\\vendor\\laravel\\framework\\src\\Illuminate\\Foundation\\Http\\Middleware\\InvokeDeferredCallbacks.php(22): Illuminate\\Pipeline\\Pipeline->Illuminate\\Pipeline\\{closure}()
#59 C:\\laragon\\www\\isi-burger\\vendor\\laravel\\framework\\src\\Illuminate\\Pipeline\\Pipeline.php(209): Illuminate\\Foundation\\Http\\Middleware\\InvokeDeferredCallbacks->handle()
#60 C:\\laragon\\www\\isi-burger\\vendor\\laravel\\framework\\src\\Illuminate\\Http\\Middleware\\ValidatePathEncoding.php(26): Illuminate\\Pipeline\\Pipeline->Illuminate\\Pipeline\\{closure}()
#61 C:\\laragon\\www\\isi-burger\\vendor\\laravel\\framework\\src\\Illuminate\\Pipeline\\Pipeline.php(209): Illuminate\\Http\\Middleware\\ValidatePathEncoding->handle()
#62 C:\\laragon\\www\\isi-burger\\vendor\\laravel\\framework\\src\\Illuminate\\Pipeline\\Pipeline.php(127): Illuminate\\Pipeline\\Pipeline->Illuminate\\Pipeline\\{closure}()
#63 C:\\laragon\\www\\isi-burger\\vendor\\laravel\\framework\\src\\Illuminate\\Foundation\\Http\\Kernel.php(176): Illuminate\\Pipeline\\Pipeline->then()
#64 C:\\laragon\\www\\isi-burger\\vendor\\laravel\\framework\\src\\Illuminate\\Foundation\\Http\\Kernel.php(145): Illuminate\\Foundation\\Http\\Kernel->sendRequestThroughRouter()
#65 C:\\laragon\\www\\isi-burger\\vendor\\laravel\\framework\\src\\Illuminate\\Foundation\\Application.php(1220): Illuminate\\Foundation\\Http\\Kernel->handle()
#66 C:\\laragon\\www\\isi-burger\\public\\index.php(20): Illuminate\\Foundation\\Application->handleRequest()
#67 C:\\laragon\\www\\isi-burger\\vendor\\laravel\\framework\\src\\Illuminate\\Foundation\\resources\\server.php(23): require_once('...')
#68 {main}
"} 
[2025-03-21 13:13:26] local.ERROR: Undefined array key "94225fff68db22990931f9716e1b758b'40' height='40' viewBox='0 0 40 40' xmlns='http://www.w3.org/2000/svg'%3E%3Cg fill='%23ff6b6b' fill-opacity='0.03' fill-rule='evenodd'%3E%3Cpath d='M20 0a20 20 0 1 0 0 40 20 20 0 0 0 0-40zm0 30a10 10 0 1 1 0-20 10 10 0 0 1 0 20z'/%3E%3C/g%3E%3C/svg%3E" {"userId":3,"exception":"[object] (ErrorException(code: 0): Undefined array key \"94225fff68db22990931f9716e1b758b'40' height='40' viewBox='0 0 40 40' xmlns='http://www.w3.org/2000/svg'%3E%3Cg fill='%23ff6b6b' fill-opacity='0.03' fill-rule='evenodd'%3E%3Cpath d='M20 0a20 20 0 1 0 0 40 20 20 0 0 0 0-40zm0 30a10 10 0 1 1 0-20 10 10 0 0 1 0 20z'/%3E%3C/g%3E%3C/svg%3E\" at C:\\laragon\\www\\isi-burger\\vendor\\dompdf\\dompdf\\src\\Css\\Stylesheet.php:1473)
[stacktrace]
#0 C:\\laragon\\www\\isi-burger\\vendor\\laravel\\framework\\src\\Illuminate\\Foundation\\Bootstrap\\HandleExceptions.php(256): Illuminate\\Foundation\\Bootstrap\\HandleExceptions->handleError()
#1 C:\\laragon\\www\\isi-burger\\vendor\\dompdf\\dompdf\\src\\Css\\Stylesheet.php(1473): Illuminate\\Foundation\\Bootstrap\\HandleExceptions->Illuminate\\Foundation\\Bootstrap\\{closure}()
#2 C:\\laragon\\www\\isi-burger\\vendor\\dompdf\\dompdf\\src\\Css\\Style.php(2212): Dompdf\\Css\\Stylesheet->resolve_url()
#3 C:\\laragon\\www\\isi-burger\\vendor\\dompdf\\dompdf\\src\\Css\\Style.php(1904): Dompdf\\Css\\Style->_get_background_image()
#4 C:\\laragon\\www\\isi-burger\\vendor\\dompdf\\dompdf\\src\\Renderer\\AbstractRenderer.php(68): Dompdf\\Css\\Style->__get()
#5 C:\\laragon\\www\\isi-burger\\vendor\\dompdf\\dompdf\\src\\Renderer\\Block.php(41): Dompdf\\Renderer\\AbstractRenderer->_render_background()
#6 C:\\laragon\\www\\isi-burger\\vendor\\dompdf\\dompdf\\src\\Renderer.php(305): Dompdf\\Renderer\\Block->render()
#7 C:\\laragon\\www\\isi-burger\\vendor\\dompdf\\dompdf\\src\\Renderer.php(110): Dompdf\\Renderer->_render_frame()
#8 C:\\laragon\\www\\isi-burger\\vendor\\dompdf\\dompdf\\src\\Renderer.php(207): Dompdf\\Renderer->render()
#9 C:\\laragon\\www\\isi-burger\\vendor\\dompdf\\dompdf\\src\\FrameReflower\\Page.php(149): Dompdf\\Renderer->render()
#10 C:\\laragon\\www\\isi-burger\\vendor\\dompdf\\dompdf\\src\\FrameDecorator\\AbstractFrameDecorator.php(905): Dompdf\\FrameReflower\\Page->reflow()
#11 C:\\laragon\\www\\isi-burger\\vendor\\dompdf\\dompdf\\src\\Dompdf.php(808): Dompdf\\FrameDecorator\\AbstractFrameDecorator->reflow()
#12 C:\\laragon\\www\\isi-burger\\vendor\\barryvdh\\laravel-dompdf\\src\\PDF.php(244): Dompdf\\Dompdf->render()
#13 C:\\laragon\\www\\isi-burger\\vendor\\barryvdh\\laravel-dompdf\\src\\PDF.php(188): Barryvdh\\DomPDF\\PDF->render()
#14 C:\\laragon\\www\\isi-burger\\vendor\\barryvdh\\laravel-dompdf\\src\\PDF.php(214): Barryvdh\\DomPDF\\PDF->output()
#15 C:\\laragon\\www\\isi-burger\\app\\Http\\Controllers\\OrderController.php(151): Barryvdh\\DomPDF\\PDF->download()
#16 C:\\laragon\\www\\isi-burger\\vendor\\laravel\\framework\\src\\Illuminate\\Routing\\Controller.php(54): App\\Http\\Controllers\\OrderController->generateInvoice()
#17 C:\\laragon\\www\\isi-burger\\vendor\\laravel\\framework\\src\\Illuminate\\Routing\\ControllerDispatcher.php(44): Illuminate\\Routing\\Controller->callAction()
#18 C:\\laragon\\www\\isi-burger\\vendor\\laravel\\framework\\src\\Illuminate\\Routing\\Route.php(266): Illuminate\\Routing\\ControllerDispatcher->dispatch()
#19 C:\\laragon\\www\\isi-burger\\vendor\\laravel\\framework\\src\\Illuminate\\Routing\\Route.php(212): Illuminate\\Routing\\Route->runController()
#20 C:\\laragon\\www\\isi-burger\\vendor\\laravel\\framework\\src\\Illuminate\\Routing\\Router.php(809): Illuminate\\Routing\\Route->run()
#21 C:\\laragon\\www\\isi-burger\\vendor\\laravel\\framework\\src\\Illuminate\\Pipeline\\Pipeline.php(170): Illuminate\\Routing\\Router->Illuminate\\Routing\\{closure}()
#22 C:\\laragon\\www\\isi-burger\\vendor\\laravel\\framework\\src\\Illuminate\\Routing\\Middleware\\SubstituteBindings.php(51): Illuminate\\Pipeline\\Pipeline->Illuminate\\Pipeline\\{closure}()
#23 C:\\laragon\\www\\isi-burger\\vendor\\laravel\\framework\\src\\Illuminate\\Pipeline\\Pipeline.php(209): Illuminate\\Routing\\Middleware\\SubstituteBindings->handle()
#24 C:\\laragon\\www\\isi-burger\\vendor\\laravel\\framework\\src\\Illuminate\\Auth\\Middleware\\Authenticate.php(64): Illuminate\\Pipeline\\Pipeline->Illuminate\\Pipeline\\{closure}()
#25 C:\\laragon\\www\\isi-burger\\vendor\\laravel\\framework\\src\\Illuminate\\Pipeline\\Pipeline.php(209): Illuminate\\Auth\\Middleware\\Authenticate->handle()
#26 C:\\laragon\\www\\isi-burger\\vendor\\laravel\\framework\\src\\Illuminate\\Foundation\\Http\\Middleware\\VerifyCsrfToken.php(88): Illuminate\\Pipeline\\Pipeline->Illuminate\\Pipeline\\{closure}()
#27 C:\\laragon\\www\\isi-burger\\vendor\\laravel\\framework\\src\\Illuminate\\Pipeline\\Pipeline.php(209): Illuminate\\Foundation\\Http\\Middleware\\VerifyCsrfToken->handle()
#28 C:\\laragon\\www\\isi-burger\\vendor\\laravel\\framework\\src\\Illuminate\\View\\Middleware\\ShareErrorsFromSession.php(49): Illuminate\\Pipeline\\Pipeline->Illuminate\\Pipeline\\{closure}()
#29 C:\\laragon\\www\\isi-burger\\vendor\\laravel\\framework\\src\\Illuminate\\Pipeline\\Pipeline.php(209): Illuminate\\View\\Middleware\\ShareErrorsFromSession->handle()
#30 C:\\laragon\\www\\isi-burger\\vendor\\laravel\\framework\\src\\Illuminate\\Session\\Middleware\\StartSession.php(121): Illuminate\\Pipeline\\Pipeline->Illuminate\\Pipeline\\{closure}()
#31 C:\\laragon\\www\\isi-burger\\vendor\\laravel\\framework\\src\\Illuminate\\Session\\Middleware\\StartSession.php(64): Illuminate\\Session\\Middleware\\StartSession->handleStatefulRequest()
#32 C:\\laragon\\www\\isi-burger\\vendor\\laravel\\framework\\src\\Illuminate\\Pipeline\\Pipeline.php(209): Illuminate\\Session\\Middleware\\StartSession->handle()
#33 C:\\laragon\\www\\isi-burger\\vendor\\laravel\\framework\\src\\Illuminate\\Cookie\\Middleware\\AddQueuedCookiesToResponse.php(37): Illuminate\\Pipeline\\Pipeline->Illuminate\\Pipeline\\{closure}()
#34 C:\\laragon\\www\\isi-burger\\vendor\\laravel\\framework\\src\\Illuminate\\Pipeline\\Pipeline.php(209): Illuminate\\Cookie\\Middleware\\AddQueuedCookiesToResponse->handle()
#35 C:\\laragon\\www\\isi-burger\\vendor\\laravel\\framework\\src\\Illuminate\\Cookie\\Middleware\\EncryptCookies.php(75): Illuminate\\Pipeline\\Pipeline->Illuminate\\Pipeline\\{closure}()
#36 C:\\laragon\\www\\isi-burger\\vendor\\laravel\\framework\\src\\Illuminate\\Pipeline\\Pipeline.php(209): Illuminate\\Cookie\\Middleware\\EncryptCookies->handle()
#37 C:\\laragon\\www\\isi-burger\\vendor\\laravel\\framework\\src\\Illuminate\\Pipeline\\Pipeline.php(127): Illuminate\\Pipeline\\Pipeline->Illuminate\\Pipeline\\{closure}()
#38 C:\\laragon\\www\\isi-burger\\vendor\\laravel\\framework\\src\\Illuminate\\Routing\\Router.php(808): Illuminate\\Pipeline\\Pipeline->then()
#39 C:\\laragon\\www\\isi-burger\\vendor\\laravel\\framework\\src\\Illuminate\\Routing\\Router.php(787): Illuminate\\Routing\\Router->runRouteWithinStack()
#40 C:\\laragon\\www\\isi-burger\\vendor\\laravel\\framework\\src\\Illuminate\\Routing\\Router.php(751): Illuminate\\Routing\\Router->runRoute()
#41 C:\\laragon\\www\\isi-burger\\vendor\\laravel\\framework\\src\\Illuminate\\Routing\\Router.php(740): Illuminate\\Routing\\Router->dispatchToRoute()
#42 C:\\laragon\\www\\isi-burger\\vendor\\laravel\\framework\\src\\Illuminate\\Foundation\\Http\\Kernel.php(201): Illuminate\\Routing\\Router->dispatch()
#43 C:\\laragon\\www\\isi-burger\\vendor\\laravel\\framework\\src\\Illuminate\\Pipeline\\Pipeline.php(170): Illuminate\\Foundation\\Http\\Kernel->Illuminate\\Foundation\\Http\\{closure}()
#44 C:\\laragon\\www\\isi-burger\\vendor\\laravel\\framework\\src\\Illuminate\\Foundation\\Http\\Middleware\\TransformsRequest.php(21): Illuminate\\Pipeline\\Pipeline->Illuminate\\Pipeline\\{closure}()
#45 C:\\laragon\\www\\isi-burger\\vendor\\laravel\\framework\\src\\Illuminate\\Foundation\\Http\\Middleware\\ConvertEmptyStringsToNull.php(31): Illuminate\\Foundation\\Http\\Middleware\\TransformsRequest->handle()
#46 C:\\laragon\\www\\isi-burger\\vendor\\laravel\\framework\\src\\Illuminate\\Pipeline\\Pipeline.php(209): Illuminate\\Foundation\\Http\\Middleware\\ConvertEmptyStringsToNull->handle()
#47 C:\\laragon\\www\\isi-burger\\vendor\\laravel\\framework\\src\\Illuminate\\Foundation\\Http\\Middleware\\TransformsRequest.php(21): Illuminate\\Pipeline\\Pipeline->Illuminate\\Pipeline\\{closure}()
#48 C:\\laragon\\www\\isi-burger\\vendor\\laravel\\framework\\src\\Illuminate\\Foundation\\Http\\Middleware\\TrimStrings.php(51): Illuminate\\Foundation\\Http\\Middleware\\TransformsRequest->handle()
#49 C:\\laragon\\www\\isi-burger\\vendor\\laravel\\framework\\src\\Illuminate\\Pipeline\\Pipeline.php(209): Illuminate\\Foundation\\Http\\Middleware\\TrimStrings->handle()
#50 C:\\laragon\\www\\isi-burger\\vendor\\laravel\\framework\\src\\Illuminate\\Http\\Middleware\\ValidatePostSize.php(27): Illuminate\\Pipeline\\Pipeline->Illuminate\\Pipeline\\{closure}()
#51 C:\\laragon\\www\\isi-burger\\vendor\\laravel\\framework\\src\\Illuminate\\Pipeline\\Pipeline.php(209): Illuminate\\Http\\Middleware\\ValidatePostSize->handle()
#52 C:\\laragon\\www\\isi-burger\\vendor\\laravel\\framework\\src\\Illuminate\\Foundation\\Http\\Middleware\\PreventRequestsDuringMaintenance.php(110): Illuminate\\Pipeline\\Pipeline->Illuminate\\Pipeline\\{closure}()
#53 C:\\laragon\\www\\isi-burger\\vendor\\laravel\\framework\\src\\Illuminate\\Pipeline\\Pipeline.php(209): Illuminate\\Foundation\\Http\\Middleware\\PreventRequestsDuringMaintenance->handle()
#54 C:\\laragon\\www\\isi-burger\\vendor\\laravel\\framework\\src\\Illuminate\\Http\\Middleware\\HandleCors.php(49): Illuminate\\Pipeline\\Pipeline->Illuminate\\Pipeline\\{closure}()
#55 C:\\laragon\\www\\isi-burger\\vendor\\laravel\\framework\\src\\Illuminate\\Pipeline\\Pipeline.php(209): Illuminate\\Http\\Middleware\\HandleCors->handle()
#56 C:\\laragon\\www\\isi-burger\\vendor\\laravel\\framework\\src\\Illuminate\\Http\\Middleware\\TrustProxies.php(58): Illuminate\\Pipeline\\Pipeline->Illuminate\\Pipeline\\{closure}()
#57 C:\\laragon\\www\\isi-burger\\vendor\\laravel\\framework\\src\\Illuminate\\Pipeline\\Pipeline.php(209): Illuminate\\Http\\Middleware\\TrustProxies->handle()
#58 C:\\laragon\\www\\isi-burger\\vendor\\laravel\\framework\\src\\Illuminate\\Foundation\\Http\\Middleware\\InvokeDeferredCallbacks.php(22): Illuminate\\Pipeline\\Pipeline->Illuminate\\Pipeline\\{closure}()
#59 C:\\laragon\\www\\isi-burger\\vendor\\laravel\\framework\\src\\Illuminate\\Pipeline\\Pipeline.php(209): Illuminate\\Foundation\\Http\\Middleware\\InvokeDeferredCallbacks->handle()
#60 C:\\laragon\\www\\isi-burger\\vendor\\laravel\\framework\\src\\Illuminate\\Http\\Middleware\\ValidatePathEncoding.php(26): Illuminate\\Pipeline\\Pipeline->Illuminate\\Pipeline\\{closure}()
#61 C:\\laragon\\www\\isi-burger\\vendor\\laravel\\framework\\src\\Illuminate\\Pipeline\\Pipeline.php(209): Illuminate\\Http\\Middleware\\ValidatePathEncoding->handle()
#62 C:\\laragon\\www\\isi-burger\\vendor\\laravel\\framework\\src\\Illuminate\\Pipeline\\Pipeline.php(127): Illuminate\\Pipeline\\Pipeline->Illuminate\\Pipeline\\{closure}()
#63 C:\\laragon\\www\\isi-burger\\vendor\\laravel\\framework\\src\\Illuminate\\Foundation\\Http\\Kernel.php(176): Illuminate\\Pipeline\\Pipeline->then()
#64 C:\\laragon\\www\\isi-burger\\vendor\\laravel\\framework\\src\\Illuminate\\Foundation\\Http\\Kernel.php(145): Illuminate\\Foundation\\Http\\Kernel->sendRequestThroughRouter()
#65 C:\\laragon\\www\\isi-burger\\vendor\\laravel\\framework\\src\\Illuminate\\Foundation\\Application.php(1220): Illuminate\\Foundation\\Http\\Kernel->handle()
#66 C:\\laragon\\www\\isi-burger\\public\\index.php(20): Illuminate\\Foundation\\Application->handleRequest()
#67 C:\\laragon\\www\\isi-burger\\vendor\\laravel\\framework\\src\\Illuminate\\Foundation\\resources\\server.php(23): require_once('...')
#68 {main}
"} 
[2025-03-21 13:20:19] local.ERROR: Undefined array key "94225fff68db22990931f9716e1b758b'40' height='40' viewBox='0 0 40 40' xmlns='http://www.w3.org/2000/svg'%3E%3Cg fill='%23ff6b6b' fill-opacity='0.03' fill-rule='evenodd'%3E%3Cpath d='M20 0a20 20 0 1 0 0 40 20 20 0 0 0 0-40zm0 30a10 10 0 1 1 0-20 10 10 0 0 1 0 20z'/%3E%3C/g%3E%3C/svg%3E" {"userId":3,"exception":"[object] (ErrorException(code: 0): Undefined array key \"94225fff68db22990931f9716e1b758b'40' height='40' viewBox='0 0 40 40' xmlns='http://www.w3.org/2000/svg'%3E%3Cg fill='%23ff6b6b' fill-opacity='0.03' fill-rule='evenodd'%3E%3Cpath d='M20 0a20 20 0 1 0 0 40 20 20 0 0 0 0-40zm0 30a10 10 0 1 1 0-20 10 10 0 0 1 0 20z'/%3E%3C/g%3E%3C/svg%3E\" at C:\\laragon\\www\\isi-burger\\vendor\\dompdf\\dompdf\\src\\Css\\Stylesheet.php:1473)
[stacktrace]
#0 C:\\laragon\\www\\isi-burger\\vendor\\laravel\\framework\\src\\Illuminate\\Foundation\\Bootstrap\\HandleExceptions.php(256): Illuminate\\Foundation\\Bootstrap\\HandleExceptions->handleError()
#1 C:\\laragon\\www\\isi-burger\\vendor\\dompdf\\dompdf\\src\\Css\\Stylesheet.php(1473): Illuminate\\Foundation\\Bootstrap\\HandleExceptions->Illuminate\\Foundation\\Bootstrap\\{closure}()
#2 C:\\laragon\\www\\isi-burger\\vendor\\dompdf\\dompdf\\src\\Css\\Style.php(2212): Dompdf\\Css\\Stylesheet->resolve_url()
#3 C:\\laragon\\www\\isi-burger\\vendor\\dompdf\\dompdf\\src\\Css\\Style.php(1904): Dompdf\\Css\\Style->_get_background_image()
#4 C:\\laragon\\www\\isi-burger\\vendor\\dompdf\\dompdf\\src\\Renderer\\AbstractRenderer.php(68): Dompdf\\Css\\Style->__get()
#5 C:\\laragon\\www\\isi-burger\\vendor\\dompdf\\dompdf\\src\\Renderer\\Block.php(41): Dompdf\\Renderer\\AbstractRenderer->_render_background()
#6 C:\\laragon\\www\\isi-burger\\vendor\\dompdf\\dompdf\\src\\Renderer.php(305): Dompdf\\Renderer\\Block->render()
#7 C:\\laragon\\www\\isi-burger\\vendor\\dompdf\\dompdf\\src\\Renderer.php(110): Dompdf\\Renderer->_render_frame()
#8 C:\\laragon\\www\\isi-burger\\vendor\\dompdf\\dompdf\\src\\Renderer.php(207): Dompdf\\Renderer->render()
#9 C:\\laragon\\www\\isi-burger\\vendor\\dompdf\\dompdf\\src\\FrameReflower\\Page.php(149): Dompdf\\Renderer->render()
#10 C:\\laragon\\www\\isi-burger\\vendor\\dompdf\\dompdf\\src\\FrameDecorator\\AbstractFrameDecorator.php(905): Dompdf\\FrameReflower\\Page->reflow()
#11 C:\\laragon\\www\\isi-burger\\vendor\\dompdf\\dompdf\\src\\Dompdf.php(808): Dompdf\\FrameDecorator\\AbstractFrameDecorator->reflow()
#12 C:\\laragon\\www\\isi-burger\\vendor\\barryvdh\\laravel-dompdf\\src\\PDF.php(244): Dompdf\\Dompdf->render()
#13 C:\\laragon\\www\\isi-burger\\vendor\\barryvdh\\laravel-dompdf\\src\\PDF.php(188): Barryvdh\\DomPDF\\PDF->render()
#14 C:\\laragon\\www\\isi-burger\\vendor\\barryvdh\\laravel-dompdf\\src\\PDF.php(214): Barryvdh\\DomPDF\\PDF->output()
#15 C:\\laragon\\www\\isi-burger\\app\\Http\\Controllers\\OrderController.php(151): Barryvdh\\DomPDF\\PDF->download()
#16 C:\\laragon\\www\\isi-burger\\vendor\\laravel\\framework\\src\\Illuminate\\Routing\\Controller.php(54): App\\Http\\Controllers\\OrderController->generateInvoice()
#17 C:\\laragon\\www\\isi-burger\\vendor\\laravel\\framework\\src\\Illuminate\\Routing\\ControllerDispatcher.php(44): Illuminate\\Routing\\Controller->callAction()
#18 C:\\laragon\\www\\isi-burger\\vendor\\laravel\\framework\\src\\Illuminate\\Routing\\Route.php(266): Illuminate\\Routing\\ControllerDispatcher->dispatch()
#19 C:\\laragon\\www\\isi-burger\\vendor\\laravel\\framework\\src\\Illuminate\\Routing\\Route.php(212): Illuminate\\Routing\\Route->runController()
#20 C:\\laragon\\www\\isi-burger\\vendor\\laravel\\framework\\src\\Illuminate\\Routing\\Router.php(809): Illuminate\\Routing\\Route->run()
#21 C:\\laragon\\www\\isi-burger\\vendor\\laravel\\framework\\src\\Illuminate\\Pipeline\\Pipeline.php(170): Illuminate\\Routing\\Router->Illuminate\\Routing\\{closure}()
#22 C:\\laragon\\www\\isi-burger\\vendor\\laravel\\framework\\src\\Illuminate\\Routing\\Middleware\\SubstituteBindings.php(51): Illuminate\\Pipeline\\Pipeline->Illuminate\\Pipeline\\{closure}()
#23 C:\\laragon\\www\\isi-burger\\vendor\\laravel\\framework\\src\\Illuminate\\Pipeline\\Pipeline.php(209): Illuminate\\Routing\\Middleware\\SubstituteBindings->handle()
#24 C:\\laragon\\www\\isi-burger\\vendor\\laravel\\framework\\src\\Illuminate\\Auth\\Middleware\\Authenticate.php(64): Illuminate\\Pipeline\\Pipeline->Illuminate\\Pipeline\\{closure}()
#25 C:\\laragon\\www\\isi-burger\\vendor\\laravel\\framework\\src\\Illuminate\\Pipeline\\Pipeline.php(209): Illuminate\\Auth\\Middleware\\Authenticate->handle()
#26 C:\\laragon\\www\\isi-burger\\vendor\\laravel\\framework\\src\\Illuminate\\Foundation\\Http\\Middleware\\VerifyCsrfToken.php(88): Illuminate\\Pipeline\\Pipeline->Illuminate\\Pipeline\\{closure}()
#27 C:\\laragon\\www\\isi-burger\\vendor\\laravel\\framework\\src\\Illuminate\\Pipeline\\Pipeline.php(209): Illuminate\\Foundation\\Http\\Middleware\\VerifyCsrfToken->handle()
#28 C:\\laragon\\www\\isi-burger\\vendor\\laravel\\framework\\src\\Illuminate\\View\\Middleware\\ShareErrorsFromSession.php(49): Illuminate\\Pipeline\\Pipeline->Illuminate\\Pipeline\\{closure}()
#29 C:\\laragon\\www\\isi-burger\\vendor\\laravel\\framework\\src\\Illuminate\\Pipeline\\Pipeline.php(209): Illuminate\\View\\Middleware\\ShareErrorsFromSession->handle()
#30 C:\\laragon\\www\\isi-burger\\vendor\\laravel\\framework\\src\\Illuminate\\Session\\Middleware\\StartSession.php(121): Illuminate\\Pipeline\\Pipeline->Illuminate\\Pipeline\\{closure}()
#31 C:\\laragon\\www\\isi-burger\\vendor\\laravel\\framework\\src\\Illuminate\\Session\\Middleware\\StartSession.php(64): Illuminate\\Session\\Middleware\\StartSession->handleStatefulRequest()
#32 C:\\laragon\\www\\isi-burger\\vendor\\laravel\\framework\\src\\Illuminate\\Pipeline\\Pipeline.php(209): Illuminate\\Session\\Middleware\\StartSession->handle()
#33 C:\\laragon\\www\\isi-burger\\vendor\\laravel\\framework\\src\\Illuminate\\Cookie\\Middleware\\AddQueuedCookiesToResponse.php(37): Illuminate\\Pipeline\\Pipeline->Illuminate\\Pipeline\\{closure}()
#34 C:\\laragon\\www\\isi-burger\\vendor\\laravel\\framework\\src\\Illuminate\\Pipeline\\Pipeline.php(209): Illuminate\\Cookie\\Middleware\\AddQueuedCookiesToResponse->handle()
#35 C:\\laragon\\www\\isi-burger\\vendor\\laravel\\framework\\src\\Illuminate\\Cookie\\Middleware\\EncryptCookies.php(75): Illuminate\\Pipeline\\Pipeline->Illuminate\\Pipeline\\{closure}()
#36 C:\\laragon\\www\\isi-burger\\vendor\\laravel\\framework\\src\\Illuminate\\Pipeline\\Pipeline.php(209): Illuminate\\Cookie\\Middleware\\EncryptCookies->handle()
#37 C:\\laragon\\www\\isi-burger\\vendor\\laravel\\framework\\src\\Illuminate\\Pipeline\\Pipeline.php(127): Illuminate\\Pipeline\\Pipeline->Illuminate\\Pipeline\\{closure}()
#38 C:\\laragon\\www\\isi-burger\\vendor\\laravel\\framework\\src\\Illuminate\\Routing\\Router.php(808): Illuminate\\Pipeline\\Pipeline->then()
#39 C:\\laragon\\www\\isi-burger\\vendor\\laravel\\framework\\src\\Illuminate\\Routing\\Router.php(787): Illuminate\\Routing\\Router->runRouteWithinStack()
#40 C:\\laragon\\www\\isi-burger\\vendor\\laravel\\framework\\src\\Illuminate\\Routing\\Router.php(751): Illuminate\\Routing\\Router->runRoute()
#41 C:\\laragon\\www\\isi-burger\\vendor\\laravel\\framework\\src\\Illuminate\\Routing\\Router.php(740): Illuminate\\Routing\\Router->dispatchToRoute()
#42 C:\\laragon\\www\\isi-burger\\vendor\\laravel\\framework\\src\\Illuminate\\Foundation\\Http\\Kernel.php(201): Illuminate\\Routing\\Router->dispatch()
#43 C:\\laragon\\www\\isi-burger\\vendor\\laravel\\framework\\src\\Illuminate\\Pipeline\\Pipeline.php(170): Illuminate\\Foundation\\Http\\Kernel->Illuminate\\Foundation\\Http\\{closure}()
#44 C:\\laragon\\www\\isi-burger\\vendor\\laravel\\framework\\src\\Illuminate\\Foundation\\Http\\Middleware\\TransformsRequest.php(21): Illuminate\\Pipeline\\Pipeline->Illuminate\\Pipeline\\{closure}()
#45 C:\\laragon\\www\\isi-burger\\vendor\\laravel\\framework\\src\\Illuminate\\Foundation\\Http\\Middleware\\ConvertEmptyStringsToNull.php(31): Illuminate\\Foundation\\Http\\Middleware\\TransformsRequest->handle()
#46 C:\\laragon\\www\\isi-burger\\vendor\\laravel\\framework\\src\\Illuminate\\Pipeline\\Pipeline.php(209): Illuminate\\Foundation\\Http\\Middleware\\ConvertEmptyStringsToNull->handle()
#47 C:\\laragon\\www\\isi-burger\\vendor\\laravel\\framework\\src\\Illuminate\\Foundation\\Http\\Middleware\\TransformsRequest.php(21): Illuminate\\Pipeline\\Pipeline->Illuminate\\Pipeline\\{closure}()
#48 C:\\laragon\\www\\isi-burger\\vendor\\laravel\\framework\\src\\Illuminate\\Foundation\\Http\\Middleware\\TrimStrings.php(51): Illuminate\\Foundation\\Http\\Middleware\\TransformsRequest->handle()
#49 C:\\laragon\\www\\isi-burger\\vendor\\laravel\\framework\\src\\Illuminate\\Pipeline\\Pipeline.php(209): Illuminate\\Foundation\\Http\\Middleware\\TrimStrings->handle()
#50 C:\\laragon\\www\\isi-burger\\vendor\\laravel\\framework\\src\\Illuminate\\Http\\Middleware\\ValidatePostSize.php(27): Illuminate\\Pipeline\\Pipeline->Illuminate\\Pipeline\\{closure}()
#51 C:\\laragon\\www\\isi-burger\\vendor\\laravel\\framework\\src\\Illuminate\\Pipeline\\Pipeline.php(209): Illuminate\\Http\\Middleware\\ValidatePostSize->handle()
#52 C:\\laragon\\www\\isi-burger\\vendor\\laravel\\framework\\src\\Illuminate\\Foundation\\Http\\Middleware\\PreventRequestsDuringMaintenance.php(110): Illuminate\\Pipeline\\Pipeline->Illuminate\\Pipeline\\{closure}()
#53 C:\\laragon\\www\\isi-burger\\vendor\\laravel\\framework\\src\\Illuminate\\Pipeline\\Pipeline.php(209): Illuminate\\Foundation\\Http\\Middleware\\PreventRequestsDuringMaintenance->handle()
#54 C:\\laragon\\www\\isi-burger\\vendor\\laravel\\framework\\src\\Illuminate\\Http\\Middleware\\HandleCors.php(49): Illuminate\\Pipeline\\Pipeline->Illuminate\\Pipeline\\{closure}()
#55 C:\\laragon\\www\\isi-burger\\vendor\\laravel\\framework\\src\\Illuminate\\Pipeline\\Pipeline.php(209): Illuminate\\Http\\Middleware\\HandleCors->handle()
#56 C:\\laragon\\www\\isi-burger\\vendor\\laravel\\framework\\src\\Illuminate\\Http\\Middleware\\TrustProxies.php(58): Illuminate\\Pipeline\\Pipeline->Illuminate\\Pipeline\\{closure}()
#57 C:\\laragon\\www\\isi-burger\\vendor\\laravel\\framework\\src\\Illuminate\\Pipeline\\Pipeline.php(209): Illuminate\\Http\\Middleware\\TrustProxies->handle()
#58 C:\\laragon\\www\\isi-burger\\vendor\\laravel\\framework\\src\\Illuminate\\Foundation\\Http\\Middleware\\InvokeDeferredCallbacks.php(22): Illuminate\\Pipeline\\Pipeline->Illuminate\\Pipeline\\{closure}()
#59 C:\\laragon\\www\\isi-burger\\vendor\\laravel\\framework\\src\\Illuminate\\Pipeline\\Pipeline.php(209): Illuminate\\Foundation\\Http\\Middleware\\InvokeDeferredCallbacks->handle()
#60 C:\\laragon\\www\\isi-burger\\vendor\\laravel\\framework\\src\\Illuminate\\Http\\Middleware\\ValidatePathEncoding.php(26): Illuminate\\Pipeline\\Pipeline->Illuminate\\Pipeline\\{closure}()
#61 C:\\laragon\\www\\isi-burger\\vendor\\laravel\\framework\\src\\Illuminate\\Pipeline\\Pipeline.php(209): Illuminate\\Http\\Middleware\\ValidatePathEncoding->handle()
#62 C:\\laragon\\www\\isi-burger\\vendor\\laravel\\framework\\src\\Illuminate\\Pipeline\\Pipeline.php(127): Illuminate\\Pipeline\\Pipeline->Illuminate\\Pipeline\\{closure}()
#63 C:\\laragon\\www\\isi-burger\\vendor\\laravel\\framework\\src\\Illuminate\\Foundation\\Http\\Kernel.php(176): Illuminate\\Pipeline\\Pipeline->then()
#64 C:\\laragon\\www\\isi-burger\\vendor\\laravel\\framework\\src\\Illuminate\\Foundation\\Http\\Kernel.php(145): Illuminate\\Foundation\\Http\\Kernel->sendRequestThroughRouter()
#65 C:\\laragon\\www\\isi-burger\\vendor\\laravel\\framework\\src\\Illuminate\\Foundation\\Application.php(1220): Illuminate\\Foundation\\Http\\Kernel->handle()
#66 C:\\laragon\\www\\isi-burger\\public\\index.php(20): Illuminate\\Foundation\\Application->handleRequest()
#67 C:\\laragon\\www\\isi-burger\\vendor\\laravel\\framework\\src\\Illuminate\\Foundation\\resources\\server.php(23): require_once('...')
#68 {main}
"} 
